<?xml version="1.0" encoding="UTF-8"?>
<!-- Generated by org.testng.reporters.JUnitReportReporter -->
<testsuite hostname="Rahul-PC" failures="0" tests="5" name="com.qa.testscript.TC_AmazonPrime" time="74.666" errors="0" timestamp="2021-05-04T13:31:14 IST" skipped="0">
  <testcase classname="com.qa.testscript.TC_AmazonPrime" name="login" time="3.616"/>
  <system-out/>
  <testcase classname="com.qa.testscript.TC_AmazonPrime" name="signin" time="14.435"/>
  <system-out/>
  <testcase classname="com.qa.testscript.TC_AmazonPrime" name="search" time="13.363"/>
  <system-out/>
  <testcase classname="com.qa.testscript.TC_AmazonPrime" name="search" time="17.554"/>
  <system-out/>
  <testcase classname="com.qa.testscript.TC_AmazonPrime" name="search" time="25.698"/>
  <system-out/>
</testsuite> <!-- com.qa.testscript.TC_AmazonPrime -->
